Build started 12.07.2015 22:29:32.
     1>Project "D:\Dokumente\Projekte\LowResRenderer\LowResRenderer\LowResRenderer.vcxproj" on node 2 (Build target(s)).
     1>ClCompile:
         D:\Programme\Microsoft Visual Studio 12.0\VC\bin\CL.exe /c /I"D:\Libs\SDL2-2.0.3\include" /ID:\Libs\Eigen /ZI /nologo /W3 /WX- /sdl /Od /Oy- /D _MBCS /Gm /EHsc /RTC1 /MDd /GS /fp:precise /Zc:wchar_t /Zc:forScope /Fo"Debug\\" /Fd"Debug\vc120.pdb" /Gd /TP /analyze- /errorReport:prompt ScanlineBuffer.cpp
         ScanlineBuffer.cpp
     1>d:\dokumente\projekte\lowresrenderer\lowresrenderer\scanlinebuffer.cpp(96): warning C4244: 'initializing' : conversion from 'const int' to 'const float', possible loss of data
     1>d:\dokumente\projekte\lowresrenderer\lowresrenderer\scanlinebuffer.cpp(97): warning C4244: 'initializing' : conversion from 'const int' to 'const float', possible loss of data
     1>d:\dokumente\projekte\lowresrenderer\lowresrenderer\scanlinebuffer.cpp(99): warning C4244: 'initializing' : conversion from 'const int' to 'const float', possible loss of data
     1>d:\dokumente\projekte\lowresrenderer\lowresrenderer\scanlinebuffer.cpp(100): warning C4244: 'initializing' : conversion from 'const int' to 'const float', possible loss of data
       Link:
         D:\Programme\Microsoft Visual Studio 12.0\VC\bin\link.exe /ERRORREPORT:PROMPT /OUT:"D:\Dokumente\Projekte\LowResRenderer\Debug\LowResRenderer.exe" /INCREMENTAL /NOLOGO /LIBPATH:"D:\Libs\SDL2-2.0.3\lib\x86" SDL2main.lib SDL2.lib kernel32.lib user32.lib gdi32.lib winspool.lib comdlg32.lib advapi32.lib shell32.lib ole32.lib oleaut32.lib uuid.lib odbc32.lib odbccp32.lib /MANIFEST /MANIFESTUAC:"level='asInvoker' uiAccess='false'" /manifest:embed /DEBUG /PDB:"D:\Dokumente\Projekte\LowResRenderer\Debug\LowResRenderer.pdb" /SUBSYSTEM:WINDOWS /TLBID:1 /DYNAMICBASE /NXCOMPAT /IMPLIB:"D:\Dokumente\Projekte\LowResRenderer\Debug\LowResRenderer.lib" /MACHINE:X86 Debug\Application.obj
         Debug\Bitmap.obj
         Debug\main.obj
         Debug\Rasterizer.obj
         Debug\ScanlineBuffer.obj
         Debug\Window.obj
         LowResRenderer.vcxproj -> D:\Dokumente\Projekte\LowResRenderer\Debug\LowResRenderer.exe
     1>Done Building Project "D:\Dokumente\Projekte\LowResRenderer\LowResRenderer\LowResRenderer.vcxproj" (Build target(s)).

Build succeeded.

Time Elapsed 00:00:00.76
